\BOOKMARK [0][-]{chapter*.2}{\376\377\000A\000b\000s\000t\000r\000a\000c\000t}{}% 1
\BOOKMARK [0][-]{chapter.1}{\376\377\000I\000n\000t\000r\000o\000d\000u\000c\000t\000i\000o\000n}{}% 2
\BOOKMARK [1][-]{section.1.1}{\376\377\000B\000a\000c\000k\000g\000r\000o\000u\000n\000d\000\040\000o\000f\000\040\000T\000h\000e\000\040\000S\000t\000u\000d\000y}{chapter.1}% 3
\BOOKMARK [1][-]{section.1.2}{\376\377\000O\000b\000j\000e\000c\000t\000i\000v\000e\000s}{chapter.1}% 4
\BOOKMARK [1][-]{section.1.3}{\376\377\000T\000h\000e\000s\000i\000s\000\040\000S\000t\000r\000u\000c\000t\000u\000r\000e}{chapter.1}% 5
\BOOKMARK [0][-]{chapter.2}{\376\377\000R\000e\000l\000a\000t\000e\000d\000\040\000W\000o\000r\000k\000s}{}% 6
\BOOKMARK [1][-]{section.2.1}{\376\377\000A\000c\000t\000i\000o\000n\000\040\000R\000e\000c\000o\000g\000n\000i\000t\000i\000o\000n}{chapter.2}% 7
\BOOKMARK [1][-]{section.2.2}{\376\377\000E\000g\000o\000c\000e\000n\000t\000r\000i\000c\000\040\000A\000c\000t\000i\000o\000n\000\040\000R\000e\000c\000o\000g\000n\000i\000t\000i\000o\000n}{chapter.2}% 8
\BOOKMARK [1][-]{section.2.3}{\376\377\000T\000r\000a\000n\000s\000f\000o\000r\000m\000e\000r}{chapter.2}% 9
\BOOKMARK [1][-]{section.2.4}{\376\377\000T\000r\000a\000n\000s\000f\000o\000r\000m\000e\000r\000s\000\040\000i\000n\000\040\000V\000i\000d\000e\000o\000\040\000R\000e\000c\000o\000g\000n\000i\000t\000i\000o\000n}{chapter.2}% 10
\BOOKMARK [1][-]{section.2.5}{\376\377\000O\000b\000j\000e\000c\000t\000\040\000D\000e\000t\000e\000c\000t\000i\000o\000n\000-\000O\000r\000i\000e\000n\000t\000e\000d\000\040\000A\000c\000t\000i\000o\000n\000\040\000R\000e\000c\000o\000g\000n\000i\000t\000i\000o\000n}{chapter.2}% 11
\BOOKMARK [1][-]{section.2.6}{\376\377\000V\000i\000d\000e\000o\000\040\000S\000w\000i\000n\000\040\000T\000r\000a\000n\000s\000f\000o\000r\000m\000e\000r}{chapter.2}% 12
\BOOKMARK [1][-]{section.2.7}{\376\377\000E\000g\000o\000V\000i\000T}{chapter.2}% 13
\BOOKMARK [0][-]{chapter.3}{\376\377\000M\000e\000t\000h\000o\000d\000o\000l\000o\000g\000y}{}% 14
\BOOKMARK [1][-]{section.3.1}{\376\377\000O\000v\000e\000r\000a\000l\000l\000\040\000A\000r\000c\000h\000i\000t\000e\000c\000t\000u\000r\000e}{chapter.3}% 15
\BOOKMARK [1][-]{section.3.2}{\376\377\000T\000h\000e\000\040\000G\000a\000z\000e\000-\000E\000n\000h\000a\000n\000c\000e\000d\000\040\000D\000C\000T\000G\000\040\000M\000o\000d\000u\000l\000e}{chapter.3}% 16
\BOOKMARK [1][-]{section.3.3}{\376\377\000I\000n\000t\000e\000g\000r\000a\000t\000i\000o\000n\000\040\000o\000f\000\040\000V\000i\000d\000e\000o\000\040\000S\000w\000i\000n\000\040\000T\000r\000a\000n\000s\000f\000o\000r\000m\000e\000r}{chapter.3}% 17
\BOOKMARK [1][-]{section.3.4}{\376\377\000D\000y\000n\000a\000m\000i\000c\000\040\000M\000e\000r\000g\000i\000n\000g\000\040\000M\000o\000d\000u\000l\000e}{chapter.3}% 18
\BOOKMARK [0][-]{chapter.4}{\376\377\000E\000x\000p\000e\000r\000i\000m\000e\000n\000t\000s\000\040\000a\000n\000d\000\040\000R\000e\000s\000u\000l\000t\000s}{}% 19
\BOOKMARK [1][-]{section.4.1}{\376\377\000S\000e\000t\000u\000p}{chapter.4}% 20
\BOOKMARK [1][-]{section.4.2}{\376\377\000T\000r\000a\000i\000n\000i\000n\000g\000\040\000t\000h\000e\000\040\000O\000r\000i\000g\000i\000n\000a\000l\000\040\000E\000g\000o\000V\000i\000T\000\040\000w\000i\000t\000h\000\040\000E\000G\000T\000E\000A\000\040\000G\000a\000z\000e\000+\000\040\000D\000a\000t\000a\000s\000e\000t}{chapter.4}% 21
\BOOKMARK [1][-]{section.4.3}{\376\377\000T\000r\000a\000i\000n\000i\000n\000g\000\040\000t\000h\000e\000\040\000E\000n\000h\000a\000n\000c\000e\000d\000\040\000E\000g\000o\000V\000i\000T\000\040\000w\000i\000t\000h\000\040\000G\000a\000z\000e\000\040\000I\000n\000f\000o\000r\000m\000a\000t\000i\000o\000n}{chapter.4}% 22
\BOOKMARK [1][-]{section.4.4}{\376\377\000T\000r\000a\000i\000n\000i\000n\000g\000\040\000V\000a\000r\000i\000a\000n\000t\000s\000\040\000o\000f\000\040\000t\000h\000e\000\040\000E\000n\000h\000a\000n\000c\000e\000d\000\040\000E\000g\000o\000V\000i\000T}{chapter.4}% 23
\BOOKMARK [1][-]{section.4.5}{\376\377\000D\000i\000s\000s\000c\000u\000s\000s\000i\000o\000n}{chapter.4}% 24
\BOOKMARK [0][-]{chapter.5}{\376\377\000S\000u\000m\000m\000a\000r\000y}{}% 25
\BOOKMARK [1][-]{section.5.1}{\376\377\000C\000o\000n\000c\000l\000u\000s\000i\000o\000n}{chapter.5}% 26
\BOOKMARK [1][-]{section.5.2}{\376\377\000F\000u\000t\000u\000r\000e\000\040\000W\000o\000r\000k\000s\000\040\000a\000n\000d\000\040\000O\000u\000t\000l\000o\000o\000k}{chapter.5}% 27
\BOOKMARK [0][-]{section*.35}{\376\377\000A\000c\000r\000o\000n\000y\000m\000s}{}% 28
\BOOKMARK [0][-]{chapter*.37}{\376\377\000L\000i\000s\000t\000\040\000o\000f\000\040\000T\000a\000b\000l\000e\000s}{}% 29
\BOOKMARK [0][-]{chapter*.38}{\376\377\000L\000i\000s\000t\000\040\000o\000f\000\040\000F\000i\000g\000u\000r\000e\000s}{}% 30
\BOOKMARK [0][-]{section*.40}{\376\377\000B\000i\000b\000l\000i\000o\000g\000r\000a\000p\000h\000y}{}% 31
